Vercel CLI 43.2.0
WARN! Build not running on Vercel. System environment variables will not be available.
WARNING: You should not upload the `.next` directory.
Running "install" command: `npm install --no-save`...

up to date, audited 1025 packages in 2s

293 packages are looking for funding
  run `npm fund` for details

found 0 vulnerabilities
Detected Next.js version: 14.2.30
Running "npm run build"

> mixerai-2.0@0.1.0 build
> NODE_OPTIONS="--max_old_space_size=4096" next build

  ▲ Next.js 14.2.30
  - Environments: .env.local

   Creating an optimized production build ...
 ✓ Compiled successfully
   Skipping linting
   Checking validity of types ...
Failed to compile.

./src/components/dashboard/notifications.tsx:198:35
Type error: Property 'is_read' does not exist on type 'Notification'. Did you mean 'isRead'?

[0m [90m 196 |[39m                   className[33m=[39m{cn([0m
[0m [90m 197 |[39m                     [32m"transition-all hover:bg-muted/50"[39m[33m,[39m[0m
[0m[31m[1m>[22m[39m[90m 198 |[39m                     [33m![39mnotification[33m.[39mis_read [33m&&[39m [32m"border-l-4"[39m[33m,[39m[0m
[0m [90m     |[39m                                   [31m[1m^[22m[39m[0m
[0m [90m 199 |[39m                     notification[33m.[39mtype [33m===[39m [32m'success'[39m [33m&&[39m [33m![39mnotification[33m.[39mis_read [33m&&[39m [32m"border-l-success"[39m[33m,[39m[0m
[0m [90m 200 |[39m                     notification[33m.[39mtype [33m===[39m [32m'info'[39m [33m&&[39m [33m![39mnotification[33m.[39mis_read [33m&&[39m [32m"border-l-secondary"[39m[33m,[39m[0m
[0m [90m 201 |[39m                     notification[33m.[39mtype [33m===[39m [32m'warning'[39m [33m&&[39m [33m![39mnotification[33m.[39mis_read [33m&&[39m [32m"border-l-warning"[39m[33m,[39m[0m
Next.js build worker exited with code: 1 and signal: null
Error: Command "npm run build" exited with 1
