Vercel CLI 43.2.0
WARN! Build not running on Vercel. System environment variables will not be available.
WARNING: You should not upload the `.next` directory.
Running "install" command: `npm install --no-save`...

up to date, audited 1025 packages in 2s

293 packages are looking for funding
  run `npm fund` for details

found 0 vulnerabilities
Detected Next.js version: 14.2.30
Running "npm run build"

> mixerai-2.0@0.1.0 build
> NODE_OPTIONS="--max_old_space_size=4096" next build

  ▲ Next.js 14.2.30
  - Environments: .env.local

   Creating an optimized production build ...
 ✓ Compiled successfully
   Skipping linting
   Checking validity of types ...
Failed to compile.

./src/app/api/notifications/route.ts:149:9
Type error: Object literal may only specify known properties, and 'is_archived' does not exist in type '{ action_label?: string | null | undefined; action_url?: string | null | undefined; created_at?: string | null | undefined; id?: string | undefined; is_read?: boolean | null | undefined; message?: string | undefined; title?: string | undefined; type?: string | undefined; user_id?: string | ... 1 more ... | undefined...'.

[0m [90m 147 |[39m       [33m.[39m[36mfrom[39m([32m'notifications'[39m)[0m
[0m [90m 148 |[39m       [33m.[39mupdate({ [0m
[0m[31m[1m>[22m[39m[90m 149 |[39m         is_archived[33m:[39m [36mtrue[39m[33m,[39m [0m
[0m [90m     |[39m         [31m[1m^[22m[39m[0m
[0m [90m 150 |[39m         archived_at[33m:[39m [36mnew[39m [33mDate[39m()[33m.[39mtoISOString()[33m,[39m[0m
[0m [90m 151 |[39m         updated_at[33m:[39m [36mnew[39m [33mDate[39m()[33m.[39mtoISOString()[0m
[0m [90m 152 |[39m       })[0m
Next.js build worker exited with code: 1 and signal: null
Error: Command "npm run build" exited with 1
